<?xml version="1.0" encoding="utf-8"?>
<shfbBuild product="Sandcastle Help File Builder and Tools" version="2022.1.22.0" projectFile="C:\Users\acer\source\repos\MovieLibraryApp\Documentation.shfbproj" started="20.3.2022 г. 10:13:09">
<buildStep step="Initializing">
Finding tools...
The Sandcastle tools are located in &#39;C:\Program Files (x86)\EWSoftware\Sandcastle Help File Builder&#39;
Searching for HTML Help 1 compiler...
Found HTML Help 1 compiler in &#39;C:\Program Files (x86)\HTML Help Workshop\&#39;
Locating components in the following folder(s):
    C:\Users\acer\source\repos\MovieLibraryApp
    C:\ProgramData\EWSoftware\Sandcastle Help File Builder\Components and Plug-Ins
    C:\Program Files (x86)\EWSoftware\Sandcastle Help File Builder\Components
Using framework reflection data for &#39;Cross-platform (.NET Core/.NET Standard)&#39; located in &#39;C:\Program Files (x86)\EWSoftware\Sandcastle Help File Builder\Data\.NETFramework&#39;
Using presentation style &#39;VS2013&#39; located in &#39;C:\Program Files (x86)\EWSoftware\Sandcastle Help File Builder\Components\VS2013&#39;
Loading and initializing plug-ins...
Lightweight Website Style Version 2022.1.22.0
Copyright &#169; 2006-2022, Eric Woodruff, All Rights Reserved
Portions Copyright &#169; 2014, Sam Harwell, All Rights Reserved
</buildStep>
<buildStep step="ValidatingDocumentationSources">
Validating and copying documentation source information
Source: C:\Users\acer\source\repos\MovieLibraryApp\MovieLibrary\Business\Business.csproj
    Found project &#39;C:\Users\acer\source\repos\MovieLibraryApp\MovieLibrary\Business\Business.csproj&#39;
Source: C:\Users\acer\source\repos\MovieLibraryApp\MovieLibrary\Data\Data.csproj
    Found project &#39;C:\Users\acer\source\repos\MovieLibraryApp\MovieLibrary\Data\Data.csproj&#39;
Source: C:\Users\acer\source\repos\MovieLibraryApp\MovieLibrary\MLibUI\MLibUI.csproj
    Found project &#39;C:\Users\acer\source\repos\MovieLibraryApp\MovieLibrary\MLibUI\MLibUI.csproj&#39;
Source: C:\Users\acer\source\repos\MovieLibraryApp\MovieLibrary\UnitTests\UnitTests.csproj
    Found project &#39;C:\Users\acer\source\repos\MovieLibraryApp\MovieLibrary\UnitTests\UnitTests.csproj&#39;

Parsing project files
    Found assembly &#39;C:\Users\acer\source\repos\MovieLibraryApp\MovieLibrary\Business\bin\Debug\net6.0\Business.dll&#39; (.NETCoreApp 6.0)
    Found assembly &#39;C:\Users\acer\source\repos\MovieLibraryApp\MovieLibrary\Data\bin\Debug\net6.0\Data.dll&#39; (.NETCoreApp 6.0)
    Found assembly &#39;C:\Users\acer\source\repos\MovieLibraryApp\MovieLibrary\MLibUI\bin\Debug\net6.0-windows\MLibUI.dll&#39; (.NETCoreApp 6.0)
    Found assembly &#39;C:\Users\acer\source\repos\MovieLibraryApp\MovieLibrary\UnitTests\bin\Debug\net6.0\UnitTests.dll&#39; (.NETCoreApp 6.0)
SHFB: Warning BE0007: A project with a different or higher framework version was found.  Changing project FrameworkVersion property from &#39;Cross-platform (.NET Core/.NET Standard)&#39; to &#39;.NET Core/.NET Standard/.NET 5.0+&#39; for the build.

References to include:
    Accessibility
    EntityFramework
    EntityFramework.SqlServer
    FontAwesome.Sharp
    Microsoft.CSharp
    Microsoft.Data.SqlClient
    Microsoft.EntityFrameworkCore
    Microsoft.EntityFrameworkCore.Abstractions
    Microsoft.EntityFrameworkCore.Relational
    Microsoft.EntityFrameworkCore.SqlServer
    Microsoft.Extensions.Caching.Abstractions
    Microsoft.Extensions.Caching.Memory
    Microsoft.Extensions.Configuration.Abstractions
    Microsoft.Extensions.DependencyInjection
    Microsoft.Extensions.DependencyInjection.Abstractions
    Microsoft.Extensions.Logging
    Microsoft.Extensions.Logging.Abstractions
    Microsoft.Extensions.Options
    Microsoft.Extensions.Primitives
    Microsoft.IdentityModel.JsonWebTokens
    Microsoft.IdentityModel.Logging
    Microsoft.IdentityModel.Protocols
    Microsoft.IdentityModel.Protocols.OpenIdConnect
    Microsoft.IdentityModel.Tokens
    Microsoft.TestPlatform.CommunicationUtilities
    Microsoft.TestPlatform.CoreUtilities
    Microsoft.TestPlatform.CrossPlatEngine
    Microsoft.TestPlatform.PlatformAbstractions
    Microsoft.TestPlatform.Utilities
    Microsoft.VisualBasic
    Microsoft.VisualBasic.Core
    Microsoft.VisualBasic.Forms
    Microsoft.VisualStudio.CodeCoverage.Shim
    Microsoft.VisualStudio.TestPlatform.Common
    Microsoft.VisualStudio.TestPlatform.ObjectModel
    Microsoft.VisualStudio.TestPlatform.TestFramework
    Microsoft.VisualStudio.TestPlatform.TestFramework.Extensions
    Microsoft.Win32.Primitives
    Microsoft.Win32.Registry
    Microsoft.Win32.Registry.AccessControl
    Microsoft.Win32.SystemEvents
    mscorlib
    netstandard
    Newtonsoft.Json
    NuGet.Frameworks
    PresentationCore
    PresentationFramework
    PresentationFramework.Aero
    PresentationFramework.Aero2
    PresentationFramework.AeroLite
    PresentationFramework.Classic
    PresentationFramework.Luna
    PresentationFramework.Royale
    PresentationUI
    ReachFramework
    System
    System.AppContext
    System.Buffers
    System.CodeDom
    System.Collections
    System.Collections.Concurrent
    System.Collections.Immutable
    System.Collections.NonGeneric
    System.Collections.Specialized
    System.ComponentModel
    System.ComponentModel.Annotations
    System.ComponentModel.DataAnnotations
    System.ComponentModel.EventBasedAsync
    System.ComponentModel.Primitives
    System.ComponentModel.TypeConverter
    System.Configuration
    System.Configuration.ConfigurationManager
    System.Console
    System.Core
    System.Data
    System.Data.Common
    System.Data.DataSetExtensions
    System.Data.SqlClient
    System.Design
    System.Diagnostics.Contracts
    System.Diagnostics.Debug
    System.Diagnostics.DiagnosticSource
    System.Diagnostics.EventLog
    System.Diagnostics.FileVersionInfo
    System.Diagnostics.PerformanceCounter
    System.Diagnostics.Process
    System.Diagnostics.StackTrace
    System.Diagnostics.TextWriterTraceListener
    System.Diagnostics.Tools
    System.Diagnostics.TraceSource
    System.Diagnostics.Tracing
    System.DirectoryServices
    System.Drawing
    System.Drawing.Common
    System.Drawing.Design
    System.Drawing.Primitives
    System.Dynamic.Runtime
    System.Formats.Asn1
    System.Globalization
    System.Globalization.Calendars
    System.Globalization.Extensions
    System.IdentityModel.Tokens.Jwt
    System.IO
    System.IO.Compression
    System.IO.Compression.Brotli
    System.IO.Compression.FileSystem
    System.IO.Compression.ZipFile
    System.IO.FileSystem
    System.IO.FileSystem.AccessControl
    System.IO.FileSystem.DriveInfo
    System.IO.FileSystem.Primitives
    System.IO.FileSystem.Watcher
    System.IO.IsolatedStorage
    System.IO.MemoryMappedFiles
    System.IO.Packaging
    System.IO.Pipes
    System.IO.Pipes.AccessControl
    System.IO.UnmanagedMemoryStream
    System.Linq
    System.Linq.Expressions
    System.Linq.Parallel
    System.Linq.Queryable
    System.Memory
    System.Net
    System.Net.Http
    System.Net.Http.Json
    System.Net.HttpListener
    System.Net.Mail
    System.Net.NameResolution
    System.Net.NetworkInformation
    System.Net.Ping
    System.Net.Primitives
    System.Net.Requests
    System.Net.Security
    System.Net.ServicePoint
    System.Net.Sockets
    System.Net.WebClient
    System.Net.WebHeaderCollection
    System.Net.WebProxy
    System.Net.WebSockets
    System.Net.WebSockets.Client
    System.Numerics
    System.Numerics.Vectors
    System.ObjectModel
    System.Printing
    System.Reflection
    System.Reflection.DispatchProxy
    System.Reflection.Emit
    System.Reflection.Emit.ILGeneration
    System.Reflection.Emit.Lightweight
    System.Reflection.Extensions
    System.Reflection.Metadata
    System.Reflection.Primitives
    System.Reflection.TypeExtensions
    System.Resources.Extensions
    System.Resources.Reader
    System.Resources.ResourceManager
    System.Resources.Writer
    System.Runtime
    System.Runtime.CompilerServices.Unsafe
    System.Runtime.CompilerServices.VisualC
    System.Runtime.Extensions
    System.Runtime.Handles
    System.Runtime.InteropServices
    System.Runtime.InteropServices.RuntimeInformation
    System.Runtime.Intrinsics
    System.Runtime.Loader
    System.Runtime.Numerics
    System.Runtime.Serialization
    System.Runtime.Serialization.Formatters
    System.Runtime.Serialization.Json
    System.Runtime.Serialization.Primitives
    System.Runtime.Serialization.Xml
    System.Security
    System.Security.AccessControl
    System.Security.Claims
    System.Security.Cryptography.Algorithms
    System.Security.Cryptography.Cng
    System.Security.Cryptography.Csp
    System.Security.Cryptography.Encoding
    System.Security.Cryptography.OpenSsl
    System.Security.Cryptography.Pkcs
    System.Security.Cryptography.Primitives
    System.Security.Cryptography.ProtectedData
    System.Security.Cryptography.X509Certificates
    System.Security.Cryptography.Xml
    System.Security.Permissions
    System.Security.Principal
    System.Security.Principal.Windows
    System.Security.SecureString
    System.ServiceModel.Web
    System.ServiceProcess
    System.Text.Encoding
    System.Text.Encoding.CodePages
    System.Text.Encoding.Extensions
    System.Text.Encodings.Web
    System.Text.Json
    System.Text.RegularExpressions
    System.Threading
    System.Threading.AccessControl
    System.Threading.Channels
    System.Threading.Overlapped
    System.Threading.Tasks
    System.Threading.Tasks.Dataflow
    System.Threading.Tasks.Extensions
    System.Threading.Tasks.Parallel
    System.Threading.Thread
    System.Threading.ThreadPool
    System.Threading.Timer
    System.Transactions
    System.Transactions.Local
    System.ValueTuple
    System.Web
    System.Web.HttpUtility
    System.Windows
    System.Windows.Controls.Ribbon
    System.Windows.Extensions
    System.Windows.Forms
    System.Windows.Forms.Design
    System.Windows.Forms.Design.Editors
    System.Windows.Forms.Primitives
    System.Windows.Input.Manipulations
    System.Windows.Presentation
    System.Xaml
    System.Xml
    System.Xml.Linq
    System.Xml.ReaderWriter
    System.Xml.Serialization
    System.Xml.XDocument
    System.Xml.XmlDocument
    System.Xml.XmlSerializer
    System.Xml.XPath
    System.Xml.XPath.XDocument
    testhost
    UIAutomationClient
    UIAutomationClientSideProviders
    UIAutomationProvider
    UIAutomationTypes
    WindowsBase
    WindowsFormsIntegration
SHFB: Warning BE0062: No documentation source XML comments files found.  The help file will not contain any member comments.
</buildStep>
<buildStep step="GenerateSharedContent">
Generating shared content files (en-US, English (United States))...
<plugIn name="Lightweight Website Style" behavior="After" priority="1000">
</plugIn>    Last step completed in 00:00:00,1079
</buildStep>
<buildStep step="GenerateApiFilter">
Generating API filter for MRefBuilder...
    Last step completed in 00:00:00,0120
</buildStep>
<buildStep step="GenerateReflectionInfo">
Generating reflection information...
[C:\Program Files\Microsoft Visual Studio\2022\Enterprise\MSBuild\Current\Bin\amd64\MSBuild.exe - GenerateRefInfo-fa20c580-2aa4-4dc4-8012-7d3b97929484.proj]
Build started 20.3.2022 Ј. 10:13:17.
Project &quot;C:\Users\acer\source\repos\MovieLibraryApp\Help\Working\GenerateRefInfo-fa20c580-2aa4-4dc4-8012-7d3b97929484.proj&quot; on node 1 (default targets).
PrepareForBuild:
  Creating directory &quot;obj\Debug\&quot;.
GenerateBindingRedirects:
  No suggested binding redirects from ResolveAssemblyReferences.
GenerateRefInfo:
  Microsoft.Build (v17.1.0+ae57d105c6094d8d59fe42f557ad0dcb46ec285e)
  c Microsoft Corporation. All rights reserved.
  No source code context base path specified.  Source context information is unavailable.
  Loaded 4 assemblies for reflection and 244 dependency assemblies.
  Using framework redirect &#39;System.ComponentModel.Annotations, Version=5.0.0.0, Culture=neutral, PublicKeyToken=b03f5f7f11d50a3a&#39; in place of &#39;System.ComponentModel.Annotations, Version=6.0.0.0, Culture=neutral, PublicKeyToken=b03f5f7f11d50a3a&#39;
  Wrote information on 8 namespaces, 27 types, and 107 members
  Merging duplicate type and member information
  Merged 0 duplicate type(s) and 0 duplicate member(s)
Done Building Project &quot;C:\Users\acer\source\repos\MovieLibraryApp\Help\Working\GenerateRefInfo-fa20c580-2aa4-4dc4-8012-7d3b97929484.proj&quot; (default targets).
    Last step completed in 00:00:06,7731
</buildStep>
<buildStep step="ApplyDocumentModel">
Applying document model to reflection output...
    Last step completed in 00:00:01,9826
</buildStep>
<buildStep step="AddApiTopicFilenames">
Adding topic filenames to API members...
    Last step completed in 00:00:01,2173
</buildStep>
<buildStep step="GenerateApiTopicManifest">
Generating API topic manifest...
    Last step completed in 00:00:01,1723
</buildStep>
<buildStep step="GenerateNamespaceSummaries">
Generating namespace summary information...
    Last step completed in 00:00:10,1096
</buildStep>
<buildStep step="GenerateInheritedDocumentation">
Generating inherited documentation...
[C:\Program Files\Microsoft Visual Studio\2022\Enterprise\MSBuild\Current\Bin\amd64\MSBuild.exe - GenerateInheritedDocs.proj]
    Last step completed in 00:00:09,1412
</buildStep>
<buildStep step="CopyAdditionalContent">
Copying additional content files...
No additional content to copy
    Last step completed in 00:00:00,0100
</buildStep>
<buildStep step="MergeTablesOfContents">
Merging conceptual and additional tables of contents...
    Last step completed in 00:00:00,0010
</buildStep>
<buildStep step="GenerateIntermediateTableOfContents">
Generating intermediate table of contents file for API content...
Generating conceptual content intermediate TOC file...
    Last step completed in 00:00:00,5417
</buildStep>
<buildStep step="CreateBuildAssemblerConfigs">
Creating Sandcastle configuration files...
    sandcastle.config
    Last step completed in 00:00:02,5203
</buildStep>
<buildStep step="MergeCustomConfigs">
Merging custom build component configurations
C:\Users\acer\source\repos\MovieLibraryApp\Help\Working\sandcastle.config
  Updating reference topic configurations.
  No conceptual content.  Removing conceptual content components.
    Last step completed in 00:00:00,1516
</buildStep>
<buildStep step="BuildTopics">
Building help topics...
[C:\Program Files\Microsoft Visual Studio\2022\Enterprise\MSBuild\Current\Bin\amd64\MSBuild.exe - BuildTopics.proj]
Build started 20.3.2022 Ј. 10:13:49.
Project &quot;C:\Users\acer\source\repos\MovieLibraryApp\Help\Working\BuildTopics.proj&quot; on node 1 (default targets).
BuildTopics:
  Microsoft.Build (v17.1.0+ae57d105c6094d8d59fe42f557ad0dcb46ec285e)
  c Microsoft Corporation. All rights reserved.
  Loading configuration...
  Processing topics...
BuildAssembler : warning : ShowMissingComponent: [N:Business] Missing &lt;summary&gt; documentation [C:\Users\acer\source\repos\MovieLibraryApp\Help\Working\BuildTopics.proj]
BuildAssembler : warning : ShowMissingComponent: [T:Business.AccountBusiness] Missing &lt;summary&gt; documentation [C:\Users\acer\source\repos\MovieLibraryApp\Help\Working\BuildTopics.proj]
BuildAssembler : warning : ShowMissingComponent: [M:Business.AccountBusiness.Add(Data.Model.Account)] Missing &lt;summary&gt; documentation [C:\Users\acer\source\repos\MovieLibraryApp\Help\Working\BuildTopics.proj]
BuildAssembler : warning : ShowMissingComponent: [M:Business.AccountBusiness.Add(Data.Model.Account)] Missing &lt;param name=&quot;account&quot;/&gt; documentation [C:\Users\acer\source\repos\MovieLibraryApp\Help\Working\BuildTopics.proj]
BuildAssembler : warning : ShowMissingComponent: [M:Business.AccountBusiness.Delete(System.Int32)] Missing &lt;summary&gt; documentation [C:\Users\acer\source\repos\MovieLibraryApp\Help\Working\BuildTopics.proj]
BuildAssembler : warning : ShowMissingComponent: [M:Business.AccountBusiness.Delete(System.Int32)] Missing &lt;param name=&quot;id&quot;/&gt; documentation [C:\Users\acer\source\repos\MovieLibraryApp\Help\Working\BuildTopics.proj]
BuildAssembler : warning : ShowMissingComponent: [M:Business.AccountBusiness.DoesThisRecoveryKeyAlreadyExists(System.Int32)] Missing &lt;summary&gt; documentation [C:\Users\acer\source\repos\MovieLibraryApp\Help\Working\BuildTopics.proj]
BuildAssembler : warning : ShowMissingComponent: [M:Business.AccountBusiness.DoesThisRecoveryKeyAlreadyExists(System.Int32)] Missing &lt;returns&gt; documentation [C:\Users\acer\source\repos\MovieLibraryApp\Help\Working\BuildTopics.proj]
BuildAssembler : warning : ShowMissingComponent: [M:Business.AccountBusiness.DoesThisRecoveryKeyAlreadyExists(System.Int32)] Missing &lt;param name=&quot;recoveryKey&quot;/&gt; documentation [C:\Users\acer\source\repos\MovieLibraryApp\Help\Working\BuildTopics.proj]
BuildAssembler : warning : ShowMissingComponent: [M:Business.AccountBusiness.Get(System.String)] Missing &lt;summary&gt; documentation [C:\Users\acer\source\repos\MovieLibraryApp\Help\Working\BuildTopics.proj]
BuildAssembler : warning : ShowMissingComponent: [M:Business.AccountBusiness.Get(System.String)] Missing &lt;returns&gt; documentation [C:\Users\acer\source\repos\MovieLibraryApp\Help\Working\BuildTopics.proj]
BuildAssembler : warning : ShowMissingComponent: [M:Business.AccountBusiness.Get(System.String)] Missing &lt;param name=&quot;username&quot;/&gt; documentation [C:\Users\acer\source\repos\MovieLibraryApp\Help\Working\BuildTopics.proj]
BuildAssembler : warning : ShowMissingComponent: [M:Business.AccountBusiness.Update(Data.Model.Account)] Missing &lt;summary&gt; documentation [C:\Users\acer\source\repos\MovieLibraryApp\Help\Working\BuildTopics.proj]
BuildAssembler : warning : ShowMissingComponent: [M:Business.AccountBusiness.Update(Data.Model.Account)] Missing &lt;param name=&quot;account&quot;/&gt; documentation [C:\Users\acer\source\repos\MovieLibraryApp\Help\Working\BuildTopics.proj]
BuildAssembler : warning : ShowMissingComponent: [T:Business.AccountMoviesBusiness] Missing &lt;summary&gt; documentation [C:\Users\acer\source\repos\MovieLibraryApp\Help\Working\BuildTopics.proj]
BuildAssembler : warning : ShowMissingComponent: [M:Business.AccountMoviesBusiness.Add(System.Int32,System.Int32)] Missing &lt;summary&gt; documentation [C:\Users\acer\source\repos\MovieLibraryApp\Help\Working\BuildTopics.proj]
BuildAssembler : warning : ShowMissingComponent: [M:Business.AccountMoviesBusiness.Add(System.Int32,System.Int32)] Missing &lt;param name=&quot;aId&quot;/&gt; documentation [C:\Users\acer\source\repos\MovieLibraryApp\Help\Working\BuildTopics.proj]
BuildAssembler : warning : ShowMissingComponent: [M:Business.AccountMoviesBusiness.Add(System.Int32,System.Int32)] Missing &lt;param name=&quot;mId&quot;/&gt; documentation [C:\Users\acer\source\repos\MovieLibraryApp\Help\Working\BuildTopics.proj]
BuildAssembler : warning : ShowMissingComponent: [M:Business.AccountMoviesBusiness.Delete(System.Int32,System.Int32)] Missing &lt;summary&gt; documentation [C:\Users\acer\source\repos\MovieLibraryApp\Help\Working\BuildTopics.proj]
BuildAssembler : warning : ShowMissingComponent: [M:Business.AccountMoviesBusiness.Delete(System.Int32,System.Int32)] Missing &lt;param name=&quot;aId&quot;/&gt; documentation [C:\Users\acer\source\repos\MovieLibraryApp\Help\Working\BuildTopics.proj]
BuildAssembler : warning : ShowMissingComponent: [M:Business.AccountMoviesBusiness.Delete(System.Int32,System.Int32)] Missing &lt;param name=&quot;mId&quot;/&gt; documentation [C:\Users\acer\source\repos\MovieLibraryApp\Help\Working\BuildTopics.proj]
BuildAssembler : warning : ShowMissingComponent: [T:Business.GenreBusiness] Missing &lt;summary&gt; documentation [C:\Users\acer\source\repos\MovieLibraryApp\Help\Working\BuildTopics.proj]
BuildAssembler : warning : ShowMissingComponent: [M:Business.GenreBusiness.Add(Data.Model.Genre)] Missing &lt;summary&gt; documentation [C:\Users\acer\source\repos\MovieLibraryApp\Help\Working\BuildTopics.proj]
BuildAssembler : warning : ShowMissingComponent: [M:Business.GenreBusiness.Add(Data.Model.Genre)] Missing &lt;param name=&quot;genre&quot;/&gt; documentation [C:\Users\acer\source\repos\MovieLibraryApp\Help\Working\BuildTopics.proj]
BuildAssembler : warning : ShowMissingComponent: [M:Business.GenreBusiness.Get(System.String)] Missing &lt;summary&gt; documentation [C:\Users\acer\source\repos\MovieLibraryApp\Help\Working\BuildTopics.proj]
BuildAssembler : warning : ShowMissingComponent: [M:Business.GenreBusiness.Get(System.String)] Missing &lt;returns&gt; documentation [C:\Users\acer\source\repos\MovieLibraryApp\Help\Working\BuildTopics.proj]
BuildAssembler : warning : ShowMissingComponent: [M:Business.GenreBusiness.Get(System.String)] Missing &lt;param name=&quot;name&quot;/&gt; documentation [C:\Users\acer\source\repos\MovieLibraryApp\Help\Working\BuildTopics.proj]
BuildAssembler : warning : ShowMissingComponent: [M:Business.GenreBusiness.GetAllGenres] Missing &lt;summary&gt; documentation [C:\Users\acer\source\repos\MovieLibraryApp\Help\Working\BuildTopics.proj]
BuildAssembler : warning : ShowMissingComponent: [M:Business.GenreBusiness.GetAllGenres] Missing &lt;returns&gt; documentation [C:\Users\acer\source\repos\MovieLibraryApp\Help\Working\BuildTopics.proj]
BuildAssembler : warning : ShowMissingComponent: [T:Business.MovieBusiness] Missing &lt;summary&gt; documentation [C:\Users\acer\source\repos\MovieLibraryApp\Help\Working\BuildTopics.proj]
BuildAssembler : warning : ShowMissingComponent: [M:Business.MovieBusiness.Add(Data.Model.Movie)] Missing &lt;summary&gt; documentation [C:\Users\acer\source\repos\MovieLibraryApp\Help\Working\BuildTopics.proj]
BuildAssembler : warning : ShowMissingComponent: [M:Business.MovieBusiness.Add(Data.Model.Movie)] Missing &lt;param name=&quot;movie&quot;/&gt; documentation [C:\Users\acer\source\repos\MovieLibraryApp\Help\Working\BuildTopics.proj]
BuildAssembler : warning : ShowMissingComponent: [M:Business.MovieBusiness.Delete(System.Int32)] Missing &lt;summary&gt; documentation [C:\Users\acer\source\repos\MovieLibraryApp\Help\Working\BuildTopics.proj]
BuildAssembler : warning : ShowMissingComponent: [M:Business.MovieBusiness.Delete(System.Int32)] Missing &lt;param name=&quot;id&quot;/&gt; documentation [C:\Users\acer\source\repos\MovieLibraryApp\Help\Working\BuildTopics.proj]
BuildAssembler : warning : ShowMissingComponent: [M:Business.MovieBusiness.Get(System.Int32)] Missing &lt;summary&gt; documentation [C:\Users\acer\source\repos\MovieLibraryApp\Help\Working\BuildTopics.proj]
BuildAssembler : warning : ShowMissingComponent: [M:Business.MovieBusiness.Get(System.Int32)] Missing &lt;returns&gt; documentation [C:\Users\acer\source\repos\MovieLibraryApp\Help\Working\BuildTopics.proj]
BuildAssembler : warning : ShowMissingComponent: [M:Business.MovieBusiness.Get(System.Int32)] Missing &lt;param name=&quot;id&quot;/&gt; documentation [C:\Users\acer\source\repos\MovieLibraryApp\Help\Working\BuildTopics.proj]
BuildAssembler : warning : ShowMissingComponent: [M:Business.MovieBusiness.GetAll] Missing &lt;summary&gt; documentation [C:\Users\acer\source\repos\MovieLibraryApp\Help\Working\BuildTopics.proj]
BuildAssembler : warning : ShowMissingComponent: [M:Business.MovieBusiness.GetAll] Missing &lt;returns&gt; documentation [C:\Users\acer\source\repos\MovieLibraryApp\Help\Working\BuildTopics.proj]
BuildAssembler : warning : ShowMissingComponent: [M:Business.MovieBusiness.GetByTitle(System.String)] Missing &lt;summary&gt; documentation [C:\Users\acer\source\repos\MovieLibraryApp\Help\Working\BuildTopics.proj]
BuildAssembler : warning : ShowMissingComponent: [M:Business.MovieBusiness.GetByTitle(System.String)] Missing &lt;returns&gt; documentation [C:\Users\acer\source\repos\MovieLibraryApp\Help\Working\BuildTopics.proj]
BuildAssembler : warning : ShowMissingComponent: [M:Business.MovieBusiness.GetByTitle(System.String)] Missing &lt;param name=&quot;title&quot;/&gt; documentation [C:\Users\acer\source\repos\MovieLibraryApp\Help\Working\BuildTopics.proj]
BuildAssembler : warning : ShowMissingComponent: [M:Business.MovieBusiness.Update(Data.Model.Movie)] Missing &lt;summary&gt; documentation [C:\Users\acer\source\repos\MovieLibraryApp\Help\Working\BuildTopics.proj]
BuildAssembler : warning : ShowMissingComponent: [M:Business.MovieBusiness.Update(Data.Model.Movie)] Missing &lt;param name=&quot;movie&quot;/&gt; documentation [C:\Users\acer\source\repos\MovieLibraryApp\Help\Working\BuildTopics.proj]
BuildAssembler : warning : ShowMissingComponent: [N:Data] Missing &lt;summary&gt; documentation [C:\Users\acer\source\repos\MovieLibraryApp\Help\Working\BuildTopics.proj]
BuildAssembler : warning : ShowMissingComponent: [T:Data.ApplicationContext] Missing &lt;summary&gt; documentation [C:\Users\acer\source\repos\MovieLibraryApp\Help\Working\BuildTopics.proj]
BuildAssembler : warning : ResolveReferenceLinksComponent: [T:Data.ApplicationContext] Unknown reference link target &#39;Overload:SaveChanges&#39;. [C:\Users\acer\source\repos\MovieLibraryApp\Help\Working\BuildTopics.proj]
BuildAssembler : warning : ResolveReferenceLinksComponent: [T:Data.ApplicationContext] Unknown reference link target &#39;Overload:SaveChangesAsync&#39;. [C:\Users\acer\source\repos\MovieLibraryApp\Help\Working\BuildTopics.proj]
BuildAssembler : warning : ResolveReferenceLinksComponent: [T:Data.ApplicationContext] Unknown reference link target &#39;Overload:SaveChanges&#39;. [C:\Users\acer\source\repos\MovieLibraryApp\Help\Working\BuildTopics.proj]
BuildAssembler : warning : ResolveReferenceLinksComponent: [T:Data.ApplicationContext] Unknown reference link target &#39;Overload:SaveChangesAsync&#39;. [C:\Users\acer\source\repos\MovieLibraryApp\Help\Working\BuildTopics.proj]
BuildAssembler : warning : ResolveReferenceLinksComponent: [T:Data.ApplicationContext] Unknown reference link target &#39;Overload:SaveChanges&#39;. [C:\Users\acer\source\repos\MovieLibraryApp\Help\Working\BuildTopics.proj]
BuildAssembler : warning : ResolveReferenceLinksComponent: [T:Data.ApplicationContext] Unknown reference link target &#39;Overload:SaveChangesAsync&#39;. [C:\Users\acer\source\repos\MovieLibraryApp\Help\Working\BuildTopics.proj]
BuildAssembler : warning : ResolveReferenceLinksComponent: [Events.T:Data.ApplicationContext] Unknown reference link target &#39;Overload:SaveChanges&#39;. [C:\Users\acer\source\repos\MovieLibraryApp\Help\Working\BuildTopics.proj]
BuildAssembler : warning : ResolveReferenceLinksComponent: [Events.T:Data.ApplicationContext] Unknown reference link target &#39;Overload:SaveChangesAsync&#39;. [C:\Users\acer\source\repos\MovieLibraryApp\Help\Working\BuildTopics.proj]
BuildAssembler : warning : ResolveReferenceLinksComponent: [Events.T:Data.ApplicationContext] Unknown reference link target &#39;Overload:SaveChanges&#39;. [C:\Users\acer\source\repos\MovieLibraryApp\Help\Working\BuildTopics.proj]
BuildAssembler : warning : ResolveReferenceLinksComponent: [Events.T:Data.ApplicationContext] Unknown reference link target &#39;Overload:SaveChangesAsync&#39;. [C:\Users\acer\source\repos\MovieLibraryApp\Help\Working\BuildTopics.proj]
BuildAssembler : warning : ResolveReferenceLinksComponent: [Events.T:Data.ApplicationContext] Unknown reference link target &#39;Overload:SaveChanges&#39;. [C:\Users\acer\source\repos\MovieLibraryApp\Help\Working\BuildTopics.proj]
BuildAssembler : warning : ResolveReferenceLinksComponent: [Events.T:Data.ApplicationContext] Unknown reference link target &#39;Overload:SaveChangesAsync&#39;. [C:\Users\acer\source\repos\MovieLibraryApp\Help\Working\BuildTopics.proj]
BuildAssembler : warning : ShowMissingComponent: [M:Data.ApplicationContext.#ctor(Microsoft.EntityFrameworkCore.DbContextOptions{Data.ApplicationContext})] Missing &lt;param name=&quot;options&quot;/&gt; documentation [C:\Users\acer\source\repos\MovieLibraryApp\Help\Working\BuildTopics.proj]
BuildAssembler : warning : ShowMissingComponent: [P:Data.ApplicationContext.Accounts] Missing &lt;summary&gt; documentation [C:\Users\acer\source\repos\MovieLibraryApp\Help\Working\BuildTopics.proj]
BuildAssembler : warning : ShowMissingComponent: [P:Data.ApplicationContext.AccountsMovies] Missing &lt;summary&gt; documentation [C:\Users\acer\source\repos\MovieLibraryApp\Help\Working\BuildTopics.proj]
BuildAssembler : warning : ShowMissingComponent: [P:Data.ApplicationContext.Genres] Missing &lt;summary&gt; documentation [C:\Users\acer\source\repos\MovieLibraryApp\Help\Working\BuildTopics.proj]
BuildAssembler : warning : ShowMissingComponent: [P:Data.ApplicationContext.Movies] Missing &lt;summary&gt; documentation [C:\Users\acer\source\repos\MovieLibraryApp\Help\Working\BuildTopics.proj]
BuildAssembler : warning : ShowMissingComponent: [M:Data.ApplicationContext.OnConfiguring(Microsoft.EntityFrameworkCore.DbContextOptionsBuilder)] Missing &lt;summary&gt; documentation [C:\Users\acer\source\repos\MovieLibraryApp\Help\Working\BuildTopics.proj]
BuildAssembler : warning : ShowMissingComponent: [M:Data.ApplicationContext.OnConfiguring(Microsoft.EntityFrameworkCore.DbContextOptionsBuilder)] Missing &lt;param name=&quot;optionsBuilder&quot;/&gt; documentation [C:\Users\acer\source\repos\MovieLibraryApp\Help\Working\BuildTopics.proj]
BuildAssembler : warning : ShowMissingComponent: [M:Data.ApplicationContext.OnModelCreating(Microsoft.EntityFrameworkCore.ModelBuilder)] Missing &lt;summary&gt; documentation [C:\Users\acer\source\repos\MovieLibraryApp\Help\Working\BuildTopics.proj]
BuildAssembler : warning : ShowMissingComponent: [M:Data.ApplicationContext.OnModelCreating(Microsoft.EntityFrameworkCore.ModelBuilder)] Missing &lt;param name=&quot;modelBuilder&quot;/&gt; documentation [C:\Users\acer\source\repos\MovieLibraryApp\Help\Working\BuildTopics.proj]
BuildAssembler : warning : ShowMissingComponent: [T:Data.DataBase] Missing &lt;summary&gt; documentation [C:\Users\acer\source\repos\MovieLibraryApp\Help\Working\BuildTopics.proj]
BuildAssembler : warning : ShowMissingComponent: [M:Data.DataBase.GetConnection] Missing &lt;summary&gt; documentation [C:\Users\acer\source\repos\MovieLibraryApp\Help\Working\BuildTopics.proj]
BuildAssembler : warning : ShowMissingComponent: [M:Data.DataBase.GetConnection] Missing &lt;returns&gt; documentation [C:\Users\acer\source\repos\MovieLibraryApp\Help\Working\BuildTopics.proj]
BuildAssembler : warning : ShowMissingComponent: [N:Data.Model] Missing &lt;summary&gt; documentation [C:\Users\acer\source\repos\MovieLibraryApp\Help\Working\BuildTopics.proj]
BuildAssembler : warning : ShowMissingComponent: [T:Data.Model.Account] Missing &lt;summary&gt; documentation [C:\Users\acer\source\repos\MovieLibraryApp\Help\Working\BuildTopics.proj]
BuildAssembler : warning : ShowMissingComponent: [P:Data.Model.Account.AId] Missing &lt;summary&gt; documentation [C:\Users\acer\source\repos\MovieLibraryApp\Help\Working\BuildTopics.proj]
BuildAssembler : warning : ShowMissingComponent: [P:Data.Model.Account.FirstName] Missing &lt;summary&gt; documentation [C:\Users\acer\source\repos\MovieLibraryApp\Help\Working\BuildTopics.proj]
BuildAssembler : warning : ShowMissingComponent: [P:Data.Model.Account.LastName] Missing &lt;summary&gt; documentation [C:\Users\acer\source\repos\MovieLibraryApp\Help\Working\BuildTopics.proj]
BuildAssembler : warning : ShowMissingComponent: [P:Data.Model.Account.Password] Missing &lt;summary&gt; documentation [C:\Users\acer\source\repos\MovieLibraryApp\Help\Working\BuildTopics.proj]
BuildAssembler : warning : ShowMissingComponent: [P:Data.Model.Account.RecoveryKey] Missing &lt;summary&gt; documentation [C:\Users\acer\source\repos\MovieLibraryApp\Help\Working\BuildTopics.proj]
BuildAssembler : warning : ShowMissingComponent: [P:Data.Model.Account.Username] Missing &lt;summary&gt; documentation [C:\Users\acer\source\repos\MovieLibraryApp\Help\Working\BuildTopics.proj]
BuildAssembler : warning : ShowMissingComponent: [T:Data.Model.AccountMovies] Missing &lt;summary&gt; documentation [C:\Users\acer\source\repos\MovieLibraryApp\Help\Working\BuildTopics.proj]
BuildAssembler : warning : ShowMissingComponent: [P:Data.Model.AccountMovies.Account] Missing &lt;summary&gt; documentation [C:\Users\acer\source\repos\MovieLibraryApp\Help\Working\BuildTopics.proj]
BuildAssembler : warning : ShowMissingComponent: [P:Data.Model.AccountMovies.AccountId] Missing &lt;summary&gt; documentation [C:\Users\acer\source\repos\MovieLibraryApp\Help\Working\BuildTopics.proj]
BuildAssembler : warning : ShowMissingComponent: [P:Data.Model.AccountMovies.Id] Missing &lt;summary&gt; documentation [C:\Users\acer\source\repos\MovieLibraryApp\Help\Working\BuildTopics.proj]
BuildAssembler : warning : ShowMissingComponent: [P:Data.Model.AccountMovies.Movie] Missing &lt;summary&gt; documentation [C:\Users\acer\source\repos\MovieLibraryApp\Help\Working\BuildTopics.proj]
BuildAssembler : warning : ShowMissingComponent: [P:Data.Model.AccountMovies.MovieId] Missing &lt;summary&gt; documentation [C:\Users\acer\source\repos\MovieLibraryApp\Help\Working\BuildTopics.proj]
BuildAssembler : warning : ShowMissingComponent: [P:Data.Model.AccountMovies.State] Missing &lt;summary&gt; documentation [C:\Users\acer\source\repos\MovieLibraryApp\Help\Working\BuildTopics.proj]
BuildAssembler : warning : ShowMissingComponent: [T:Data.Model.Genre] Missing &lt;summary&gt; documentation [C:\Users\acer\source\repos\MovieLibraryApp\Help\Working\BuildTopics.proj]
BuildAssembler : warning : ShowMissingComponent: [P:Data.Model.Genre.GId] Missing &lt;summary&gt; documentation [C:\Users\acer\source\repos\MovieLibraryApp\Help\Working\BuildTopics.proj]
BuildAssembler : warning : ShowMissingComponent: [P:Data.Model.Genre.Name] Missing &lt;summary&gt; documentation [C:\Users\acer\source\repos\MovieLibraryApp\Help\Working\BuildTopics.proj]
BuildAssembler : warning : ShowMissingComponent: [T:Data.Model.Movie] Missing &lt;summary&gt; documentation [C:\Users\acer\source\repos\MovieLibraryApp\Help\Working\BuildTopics.proj]
BuildAssembler : warning : ShowMissingComponent: [P:Data.Model.Movie.Genre] Missing &lt;summary&gt; documentation [C:\Users\acer\source\repos\MovieLibraryApp\Help\Working\BuildTopics.proj]
BuildAssembler : warning : ShowMissingComponent: [P:Data.Model.Movie.Genre2] Missing &lt;summary&gt; documentation [C:\Users\acer\source\repos\MovieLibraryApp\Help\Working\BuildTopics.proj]
BuildAssembler : warning : ShowMissingComponent: [P:Data.Model.Movie.Genre3] Missing &lt;summary&gt; documentation [C:\Users\acer\source\repos\MovieLibraryApp\Help\Working\BuildTopics.proj]
BuildAssembler : warning : ShowMissingComponent: [P:Data.Model.Movie.Image] Missing &lt;summary&gt; documentation [C:\Users\acer\source\repos\MovieLibraryApp\Help\Working\BuildTopics.proj]
BuildAssembler : warning : ShowMissingComponent: [P:Data.Model.Movie.MId] Missing &lt;summary&gt; documentation [C:\Users\acer\source\repos\MovieLibraryApp\Help\Working\BuildTopics.proj]
BuildAssembler : warning : ShowMissingComponent: [P:Data.Model.Movie.Rate] Missing &lt;summary&gt; documentation [C:\Users\acer\source\repos\MovieLibraryApp\Help\Working\BuildTopics.proj]
BuildAssembler : warning : ShowMissingComponent: [P:Data.Model.Movie.Title] Missing &lt;summary&gt; documentation [C:\Users\acer\source\repos\MovieLibraryApp\Help\Working\BuildTopics.proj]
BuildAssembler : warning : ShowMissingComponent: [P:Data.Model.Movie.YaerOfCreation] Missing &lt;summary&gt; documentation [C:\Users\acer\source\repos\MovieLibraryApp\Help\Working\BuildTopics.proj]
BuildAssembler : warning : ShowMissingComponent: [N:MLibUI] Missing &lt;summary&gt; documentation [C:\Users\acer\source\repos\MovieLibraryApp\Help\Working\BuildTopics.proj]
BuildAssembler : warning : ShowMissingComponent: [T:MLibUI.LoginPage] Missing &lt;summary&gt; documentation [C:\Users\acer\source\repos\MovieLibraryApp\Help\Working\BuildTopics.proj]
BuildAssembler : warning : ShowMissingComponent: [N:MLibUI.MainMenu] Missing &lt;summary&gt; documentation [C:\Users\acer\source\repos\MovieLibraryApp\Help\Working\BuildTopics.proj]
BuildAssembler : warning : ShowMissingComponent: [T:MLibUI.MainMenu.AddMovie] Missing &lt;summary&gt; documentation [C:\Users\acer\source\repos\MovieLibraryApp\Help\Working\BuildTopics.proj]
BuildAssembler : warning : ShowMissingComponent: [M:MLibUI.MainMenu.AddMovie.ResetFields] Missing &lt;summary&gt; documentation [C:\Users\acer\source\repos\MovieLibraryApp\Help\Working\BuildTopics.proj]
BuildAssembler : warning : ShowMissingComponent: [T:MLibUI.MainMenu.AddNewGenre] Missing &lt;summary&gt; documentation [C:\Users\acer\source\repos\MovieLibraryApp\Help\Working\BuildTopics.proj]
BuildAssembler : warning : ShowMissingComponent: [T:MLibUI.MainMenu.mainPage] Missing &lt;summary&gt; documentation [C:\Users\acer\source\repos\MovieLibraryApp\Help\Working\BuildTopics.proj]
BuildAssembler : warning : ShowMissingComponent: [P:MLibUI.MainMenu.mainPage.currentAccount] Missing &lt;summary&gt; documentation [C:\Users\acer\source\repos\MovieLibraryApp\Help\Working\BuildTopics.proj]
BuildAssembler : warning : ShowMissingComponent: [M:MLibUI.MainMenu.mainPage.OpenChildForm(System.Windows.Forms.Form)] Missing &lt;summary&gt; documentation [C:\Users\acer\source\repos\MovieLibraryApp\Help\Working\BuildTopics.proj]
BuildAssembler : warning : ShowMissingComponent: [M:MLibUI.MainMenu.mainPage.OpenChildForm(System.Windows.Forms.Form)] Missing &lt;param name=&quot;childForm&quot;/&gt; documentation [C:\Users\acer\source\repos\MovieLibraryApp\Help\Working\BuildTopics.proj]
BuildAssembler : warning : ShowMissingComponent: [T:MLibUI.MainMenu.Movies] Missing &lt;summary&gt; documentation [C:\Users\acer\source\repos\MovieLibraryApp\Help\Working\BuildTopics.proj]
BuildAssembler : warning : ShowMissingComponent: [M:MLibUI.MainMenu.Movies.SetCurrentAccount(Data.Model.Account)] Missing &lt;summary&gt; documentation [C:\Users\acer\source\repos\MovieLibraryApp\Help\Working\BuildTopics.proj]
BuildAssembler : warning : ShowMissingComponent: [M:MLibUI.MainMenu.Movies.SetCurrentAccount(Data.Model.Account)] Missing &lt;param name=&quot;account&quot;/&gt; documentation [C:\Users\acer\source\repos\MovieLibraryApp\Help\Working\BuildTopics.proj]
BuildAssembler : warning : ShowMissingComponent: [T:MLibUI.MainMenu.MyList] Missing &lt;summary&gt; documentation [C:\Users\acer\source\repos\MovieLibraryApp\Help\Working\BuildTopics.proj]
BuildAssembler : warning : ShowMissingComponent: [M:MLibUI.MainMenu.MyList.SetCurrentAccount(Data.Model.Account)] Missing &lt;summary&gt; documentation [C:\Users\acer\source\repos\MovieLibraryApp\Help\Working\BuildTopics.proj]
BuildAssembler : warning : ShowMissingComponent: [M:MLibUI.MainMenu.MyList.SetCurrentAccount(Data.Model.Account)] Missing &lt;param name=&quot;account&quot;/&gt; documentation [C:\Users\acer\source\repos\MovieLibraryApp\Help\Working\BuildTopics.proj]
BuildAssembler : warning : ShowMissingComponent: [T:MLibUI.MainMenu.SuccessfulAddedMovie] Missing &lt;summary&gt; documentation [C:\Users\acer\source\repos\MovieLibraryApp\Help\Working\BuildTopics.proj]
BuildAssembler : warning : ShowMissingComponent: [N:MLibUI.PassRecovery] Missing &lt;summary&gt; documentation [C:\Users\acer\source\repos\MovieLibraryApp\Help\Working\BuildTopics.proj]
BuildAssembler : warning : ShowMissingComponent: [T:MLibUI.PassRecovery.ForgottenPassPage] Missing &lt;summary&gt; documentation [C:\Users\acer\source\repos\MovieLibraryApp\Help\Working\BuildTopics.proj]
BuildAssembler : warning : ShowMissingComponent: [T:MLibUI.PassRecovery.PassRecoveryStep1] Missing &lt;summary&gt; documentation [C:\Users\acer\source\repos\MovieLibraryApp\Help\Working\BuildTopics.proj]
BuildAssembler : warning : ShowMissingComponent: [T:MLibUI.PassRecovery.PassRecoveryStep2] Missing &lt;summary&gt; documentation [C:\Users\acer\source\repos\MovieLibraryApp\Help\Working\BuildTopics.proj]
BuildAssembler : warning : ShowMissingComponent: [P:MLibUI.PassRecovery.PassRecoveryStep2.currentAccount] Missing &lt;summary&gt; documentation [C:\Users\acer\source\repos\MovieLibraryApp\Help\Working\BuildTopics.proj]
BuildAssembler : warning : ShowMissingComponent: [T:MLibUI.PassRecovery.SuccessfulPassResetPage] Missing &lt;summary&gt; documentation [C:\Users\acer\source\repos\MovieLibraryApp\Help\Working\BuildTopics.proj]
BuildAssembler : warning : ShowMissingComponent: [N:MLibUI.SignUp] Missing &lt;summary&gt; documentation [C:\Users\acer\source\repos\MovieLibraryApp\Help\Working\BuildTopics.proj]
BuildAssembler : warning : ShowMissingComponent: [T:MLibUI.SignUp.RecoveryKeyPage] Missing &lt;summary&gt; documentation [C:\Users\acer\source\repos\MovieLibraryApp\Help\Working\BuildTopics.proj]
BuildAssembler : warning : ShowMissingComponent: [P:MLibUI.SignUp.RecoveryKeyPage.currentAccountRecoveryKey] Missing &lt;summary&gt; documentation [C:\Users\acer\source\repos\MovieLibraryApp\Help\Working\BuildTopics.proj]
BuildAssembler : warning : ShowMissingComponent: [T:MLibUI.SignUp.SignUpPage] Missing &lt;summary&gt; documentation [C:\Users\acer\source\repos\MovieLibraryApp\Help\Working\BuildTopics.proj]
BuildAssembler : warning : ShowMissingComponent: [T:MLibUI.SignUp.SuccessfulCreatedAcc] Missing &lt;summary&gt; documentation [C:\Users\acer\source\repos\MovieLibraryApp\Help\Working\BuildTopics.proj]
BuildAssembler : warning : ShowMissingComponent: [N:UnitTests] Missing &lt;summary&gt; documentation [C:\Users\acer\source\repos\MovieLibraryApp\Help\Working\BuildTopics.proj]
BuildAssembler : warning : ShowMissingComponent: [T:UnitTests.AccountBusinessTests] Missing &lt;summary&gt; documentation [C:\Users\acer\source\repos\MovieLibraryApp\Help\Working\BuildTopics.proj]
BuildAssembler : warning : ShowMissingComponent: [M:UnitTests.AccountBusinessTests.AddAccount_ExistingAccount_ThrowArgumentException] Missing &lt;summary&gt; documentation [C:\Users\acer\source\repos\MovieLibraryApp\Help\Working\BuildTopics.proj]
BuildAssembler : warning : ShowMissingComponent: [M:UnitTests.AccountBusinessTests.AddAccount_NotExistingAccount_ReturnsAccount] Missing &lt;summary&gt; documentation [C:\Users\acer\source\repos\MovieLibraryApp\Help\Working\BuildTopics.proj]
BuildAssembler : warning : ShowMissingComponent: [M:UnitTests.AccountBusinessTests.DeleteAccount_ExistingAccount_RemovesAccount] Missing &lt;summary&gt; documentation [C:\Users\acer\source\repos\MovieLibraryApp\Help\Working\BuildTopics.proj]
BuildAssembler : warning : ShowMissingComponent: [M:UnitTests.AccountBusinessTests.DeleteAccount_NotExistingAccount_ThrowArgumentException] Missing &lt;summary&gt; documentation [C:\Users\acer\source\repos\MovieLibraryApp\Help\Working\BuildTopics.proj]
BuildAssembler : warning : ShowMissingComponent: [M:UnitTests.AccountBusinessTests.UpdateAccount_ExistingAccount_ReturnsUpdatedAccount] Missing &lt;summary&gt; documentation [C:\Users\acer\source\repos\MovieLibraryApp\Help\Working\BuildTopics.proj]
BuildAssembler : warning : ShowMissingComponent: [M:UnitTests.AccountBusinessTests.UpdateAccount_NotExistingAccount_ThrowArguentException] Missing &lt;summary&gt; documentation [C:\Users\acer\source\repos\MovieLibraryApp\Help\Working\BuildTopics.proj]
BuildAssembler : warning : ShowMissingComponent: [T:UnitTests.GenreBusinessTests] Missing &lt;summary&gt; documentation [C:\Users\acer\source\repos\MovieLibraryApp\Help\Working\BuildTopics.proj]
BuildAssembler : warning : ShowMissingComponent: [M:UnitTests.GenreBusinessTests.AddGenre_ExistingGenre_ThrowArgumentException] Missing &lt;summary&gt; documentation [C:\Users\acer\source\repos\MovieLibraryApp\Help\Working\BuildTopics.proj]
BuildAssembler : warning : ShowMissingComponent: [M:UnitTests.GenreBusinessTests.AddGenre_NotExistingGenre_ReturnsGenre] Missing &lt;summary&gt; documentation [C:\Users\acer\source\repos\MovieLibraryApp\Help\Working\BuildTopics.proj]
BuildAssembler : warning : ShowMissingComponent: [T:UnitTests.MovieBusinessTests] Missing &lt;summary&gt; documentation [C:\Users\acer\source\repos\MovieLibraryApp\Help\Working\BuildTopics.proj]
BuildAssembler : warning : ShowMissingComponent: [M:UnitTests.MovieBusinessTests.AddMovie_ExistingMovie_ThrowArgumentException] Missing &lt;summary&gt; documentation [C:\Users\acer\source\repos\MovieLibraryApp\Help\Working\BuildTopics.proj]
BuildAssembler : warning : ShowMissingComponent: [M:UnitTests.MovieBusinessTests.AddMovie_NotExistingMovie_ReturnsMovie] Missing &lt;summary&gt; documentation [C:\Users\acer\source\repos\MovieLibraryApp\Help\Working\BuildTopics.proj]
BuildAssembler : warning : ShowMissingComponent: [M:UnitTests.MovieBusinessTests.DeleteMovie_ExistingMovie_RemovesMovie] Missing &lt;summary&gt; documentation [C:\Users\acer\source\repos\MovieLibraryApp\Help\Working\BuildTopics.proj]
BuildAssembler : warning : ShowMissingComponent: [M:UnitTests.MovieBusinessTests.DeleteMovie_NotExistingMovie_ThrowArgumentException] Missing &lt;summary&gt; documentation [C:\Users\acer\source\repos\MovieLibraryApp\Help\Working\BuildTopics.proj]
BuildAssembler : warning : ShowMissingComponent: [M:UnitTests.MovieBusinessTests.UpdateMovie_ExistingMovie_ReturnsUpdatedMovie] Missing &lt;summary&gt; documentation [C:\Users\acer\source\repos\MovieLibraryApp\Help\Working\BuildTopics.proj]
BuildAssembler : warning : ShowMissingComponent: [M:UnitTests.MovieBusinessTests.UpdateMovie_NotExistingMovie_ThrowArgumentException] Missing &lt;summary&gt; documentation [C:\Users\acer\source\repos\MovieLibraryApp\Help\Working\BuildTopics.proj]
  Processed 218 topic(s)
  143 warning(s)
  CopyFromIndexComponent: &quot;reflection&quot; in-memory cache entries used: 4 of 15.
  CopyFromIndexComponent: &quot;comments&quot; in-memory cache entries used: 5 of 30.
Done Building Project &quot;C:\Users\acer\source\repos\MovieLibraryApp\Help\Working\BuildTopics.proj&quot; (default targets).
    Last step completed in 00:01:05,9803
</buildStep>
<buildStep step="CombiningIntermediateTocFiles">
Combining conceptual and API intermediate TOC files...
    Last step completed in 00:00:00,0050
</buildStep>
<buildStep step="ExtractingHtmlInfo">
Extracting HTML info for HTML Help 1 and/or website...
[C:\Program Files\Microsoft Visual Studio\2022\Enterprise\MSBuild\Current\Bin\amd64\MSBuild.exe - ExtractHtmlInfo.proj]
    Last step completed in 00:00:01,2779
</buildStep>
<buildStep step="CopyStandardHelpContent">
Copying standard help content...
C:\Program Files (x86)\EWSoftware\Sandcastle Help File Builder\Components\VS2013\icons\AlertCaution.png -&gt; C:\Users\acer\source\repos\MovieLibraryApp\Help\Working\Output\HtmlHelp1\icons\AlertCaution.png
C:\Program Files (x86)\EWSoftware\Sandcastle Help File Builder\Components\VS2013\icons\AlertNote.png -&gt; C:\Users\acer\source\repos\MovieLibraryApp\Help\Working\Output\HtmlHelp1\icons\AlertNote.png
C:\Program Files (x86)\EWSoftware\Sandcastle Help File Builder\Components\VS2013\icons\AlertSecurity.png -&gt; C:\Users\acer\source\repos\MovieLibraryApp\Help\Working\Output\HtmlHelp1\icons\AlertSecurity.png
C:\Program Files (x86)\EWSoftware\Sandcastle Help File Builder\Components\VS2013\icons\CFW.gif -&gt; C:\Users\acer\source\repos\MovieLibraryApp\Help\Working\Output\HtmlHelp1\icons\CFW.gif
C:\Program Files (x86)\EWSoftware\Sandcastle Help File Builder\Components\VS2013\icons\CodeExample.png -&gt; C:\Users\acer\source\repos\MovieLibraryApp\Help\Working\Output\HtmlHelp1\icons\CodeExample.png
C:\Program Files (x86)\EWSoftware\Sandcastle Help File Builder\Components\VS2013\icons\favicon.ico -&gt; C:\Users\acer\source\repos\MovieLibraryApp\Help\Working\Output\HtmlHelp1\icons\favicon.ico
C:\Program Files (x86)\EWSoftware\Sandcastle Help File Builder\Components\VS2013\icons\privclass.gif -&gt; C:\Users\acer\source\repos\MovieLibraryApp\Help\Working\Output\HtmlHelp1\icons\privclass.gif
C:\Program Files (x86)\EWSoftware\Sandcastle Help File Builder\Components\VS2013\icons\privdelegate.gif -&gt; C:\Users\acer\source\repos\MovieLibraryApp\Help\Working\Output\HtmlHelp1\icons\privdelegate.gif
C:\Program Files (x86)\EWSoftware\Sandcastle Help File Builder\Components\VS2013\icons\privenumeration.gif -&gt; C:\Users\acer\source\repos\MovieLibraryApp\Help\Working\Output\HtmlHelp1\icons\privenumeration.gif
C:\Program Files (x86)\EWSoftware\Sandcastle Help File Builder\Components\VS2013\icons\privevent.gif -&gt; C:\Users\acer\source\repos\MovieLibraryApp\Help\Working\Output\HtmlHelp1\icons\privevent.gif
C:\Program Files (x86)\EWSoftware\Sandcastle Help File Builder\Components\VS2013\icons\privextension.gif -&gt; C:\Users\acer\source\repos\MovieLibraryApp\Help\Working\Output\HtmlHelp1\icons\privextension.gif
C:\Program Files (x86)\EWSoftware\Sandcastle Help File Builder\Components\VS2013\icons\privfield.gif -&gt; C:\Users\acer\source\repos\MovieLibraryApp\Help\Working\Output\HtmlHelp1\icons\privfield.gif
C:\Program Files (x86)\EWSoftware\Sandcastle Help File Builder\Components\VS2013\icons\privinterface.gif -&gt; C:\Users\acer\source\repos\MovieLibraryApp\Help\Working\Output\HtmlHelp1\icons\privinterface.gif
C:\Program Files (x86)\EWSoftware\Sandcastle Help File Builder\Components\VS2013\icons\privmethod.gif -&gt; C:\Users\acer\source\repos\MovieLibraryApp\Help\Working\Output\HtmlHelp1\icons\privmethod.gif
C:\Program Files (x86)\EWSoftware\Sandcastle Help File Builder\Components\VS2013\icons\privproperty.gif -&gt; C:\Users\acer\source\repos\MovieLibraryApp\Help\Working\Output\HtmlHelp1\icons\privproperty.gif
C:\Program Files (x86)\EWSoftware\Sandcastle Help File Builder\Components\VS2013\icons\privstructure.gif -&gt; C:\Users\acer\source\repos\MovieLibraryApp\Help\Working\Output\HtmlHelp1\icons\privstructure.gif
C:\Program Files (x86)\EWSoftware\Sandcastle Help File Builder\Components\VS2013\icons\protclass.gif -&gt; C:\Users\acer\source\repos\MovieLibraryApp\Help\Working\Output\HtmlHelp1\icons\protclass.gif
C:\Program Files (x86)\EWSoftware\Sandcastle Help File Builder\Components\VS2013\icons\protdelegate.gif -&gt; C:\Users\acer\source\repos\MovieLibraryApp\Help\Working\Output\HtmlHelp1\icons\protdelegate.gif
C:\Program Files (x86)\EWSoftware\Sandcastle Help File Builder\Components\VS2013\icons\protenumeration.gif -&gt; C:\Users\acer\source\repos\MovieLibraryApp\Help\Working\Output\HtmlHelp1\icons\protenumeration.gif
C:\Program Files (x86)\EWSoftware\Sandcastle Help File Builder\Components\VS2013\icons\protevent.gif -&gt; C:\Users\acer\source\repos\MovieLibraryApp\Help\Working\Output\HtmlHelp1\icons\protevent.gif
C:\Program Files (x86)\EWSoftware\Sandcastle Help File Builder\Components\VS2013\icons\protextension.gif -&gt; C:\Users\acer\source\repos\MovieLibraryApp\Help\Working\Output\HtmlHelp1\icons\protextension.gif
C:\Program Files (x86)\EWSoftware\Sandcastle Help File Builder\Components\VS2013\icons\protfield.gif -&gt; C:\Users\acer\source\repos\MovieLibraryApp\Help\Working\Output\HtmlHelp1\icons\protfield.gif
C:\Program Files (x86)\EWSoftware\Sandcastle Help File Builder\Components\VS2013\icons\protinterface.gif -&gt; C:\Users\acer\source\repos\MovieLibraryApp\Help\Working\Output\HtmlHelp1\icons\protinterface.gif
C:\Program Files (x86)\EWSoftware\Sandcastle Help File Builder\Components\VS2013\icons\protmethod.gif -&gt; C:\Users\acer\source\repos\MovieLibraryApp\Help\Working\Output\HtmlHelp1\icons\protmethod.gif
C:\Program Files (x86)\EWSoftware\Sandcastle Help File Builder\Components\VS2013\icons\protoperator.gif -&gt; C:\Users\acer\source\repos\MovieLibraryApp\Help\Working\Output\HtmlHelp1\icons\protoperator.gif
C:\Program Files (x86)\EWSoftware\Sandcastle Help File Builder\Components\VS2013\icons\protproperty.gif -&gt; C:\Users\acer\source\repos\MovieLibraryApp\Help\Working\Output\HtmlHelp1\icons\protproperty.gif
C:\Program Files (x86)\EWSoftware\Sandcastle Help File Builder\Components\VS2013\icons\protstructure.gif -&gt; C:\Users\acer\source\repos\MovieLibraryApp\Help\Working\Output\HtmlHelp1\icons\protstructure.gif
C:\Program Files (x86)\EWSoftware\Sandcastle Help File Builder\Components\VS2013\icons\pubclass.gif -&gt; C:\Users\acer\source\repos\MovieLibraryApp\Help\Working\Output\HtmlHelp1\icons\pubclass.gif
C:\Program Files (x86)\EWSoftware\Sandcastle Help File Builder\Components\VS2013\icons\pubdelegate.gif -&gt; C:\Users\acer\source\repos\MovieLibraryApp\Help\Working\Output\HtmlHelp1\icons\pubdelegate.gif
C:\Program Files (x86)\EWSoftware\Sandcastle Help File Builder\Components\VS2013\icons\pubenumeration.gif -&gt; C:\Users\acer\source\repos\MovieLibraryApp\Help\Working\Output\HtmlHelp1\icons\pubenumeration.gif
C:\Program Files (x86)\EWSoftware\Sandcastle Help File Builder\Components\VS2013\icons\pubevent.gif -&gt; C:\Users\acer\source\repos\MovieLibraryApp\Help\Working\Output\HtmlHelp1\icons\pubevent.gif
C:\Program Files (x86)\EWSoftware\Sandcastle Help File Builder\Components\VS2013\icons\pubextension.gif -&gt; C:\Users\acer\source\repos\MovieLibraryApp\Help\Working\Output\HtmlHelp1\icons\pubextension.gif
C:\Program Files (x86)\EWSoftware\Sandcastle Help File Builder\Components\VS2013\icons\pubfield.gif -&gt; C:\Users\acer\source\repos\MovieLibraryApp\Help\Working\Output\HtmlHelp1\icons\pubfield.gif
C:\Program Files (x86)\EWSoftware\Sandcastle Help File Builder\Components\VS2013\icons\pubinterface.gif -&gt; C:\Users\acer\source\repos\MovieLibraryApp\Help\Working\Output\HtmlHelp1\icons\pubinterface.gif
C:\Program Files (x86)\EWSoftware\Sandcastle Help File Builder\Components\VS2013\icons\pubmethod.gif -&gt; C:\Users\acer\source\repos\MovieLibraryApp\Help\Working\Output\HtmlHelp1\icons\pubmethod.gif
C:\Program Files (x86)\EWSoftware\Sandcastle Help File Builder\Components\VS2013\icons\puboperator.gif -&gt; C:\Users\acer\source\repos\MovieLibraryApp\Help\Working\Output\HtmlHelp1\icons\puboperator.gif
C:\Program Files (x86)\EWSoftware\Sandcastle Help File Builder\Components\VS2013\icons\pubproperty.gif -&gt; C:\Users\acer\source\repos\MovieLibraryApp\Help\Working\Output\HtmlHelp1\icons\pubproperty.gif
C:\Program Files (x86)\EWSoftware\Sandcastle Help File Builder\Components\VS2013\icons\pubstructure.gif -&gt; C:\Users\acer\source\repos\MovieLibraryApp\Help\Working\Output\HtmlHelp1\icons\pubstructure.gif
C:\Program Files (x86)\EWSoftware\Sandcastle Help File Builder\Components\VS2013\icons\SectionCollapsed.png -&gt; C:\Users\acer\source\repos\MovieLibraryApp\Help\Working\Output\HtmlHelp1\icons\SectionCollapsed.png
C:\Program Files (x86)\EWSoftware\Sandcastle Help File Builder\Components\VS2013\icons\SectionExpanded.png -&gt; C:\Users\acer\source\repos\MovieLibraryApp\Help\Working\Output\HtmlHelp1\icons\SectionExpanded.png
C:\Program Files (x86)\EWSoftware\Sandcastle Help File Builder\Components\VS2013\icons\slMobile.gif -&gt; C:\Users\acer\source\repos\MovieLibraryApp\Help\Working\Output\HtmlHelp1\icons\slMobile.gif
C:\Program Files (x86)\EWSoftware\Sandcastle Help File Builder\Components\VS2013\icons\static.gif -&gt; C:\Users\acer\source\repos\MovieLibraryApp\Help\Working\Output\HtmlHelp1\icons\static.gif
C:\Program Files (x86)\EWSoftware\Sandcastle Help File Builder\Components\VS2013\icons\xna.gif -&gt; C:\Users\acer\source\repos\MovieLibraryApp\Help\Working\Output\HtmlHelp1\icons\xna.gif
C:\Program Files (x86)\EWSoftware\Sandcastle Help File Builder\Components\VS2013\scripts\branding.js -&gt; C:\Users\acer\source\repos\MovieLibraryApp\Help\Working\Output\HtmlHelp1\scripts\branding.js
C:\Program Files (x86)\EWSoftware\Sandcastle Help File Builder\Components\VS2013\styles\branding-cs-CZ.css -&gt; C:\Users\acer\source\repos\MovieLibraryApp\Help\Working\Output\HtmlHelp1\styles\branding-cs-CZ.css
C:\Program Files (x86)\EWSoftware\Sandcastle Help File Builder\Components\VS2013\styles\branding-de-DE.css -&gt; C:\Users\acer\source\repos\MovieLibraryApp\Help\Working\Output\HtmlHelp1\styles\branding-de-DE.css
C:\Program Files (x86)\EWSoftware\Sandcastle Help File Builder\Components\VS2013\styles\branding-en-US.css -&gt; C:\Users\acer\source\repos\MovieLibraryApp\Help\Working\Output\HtmlHelp1\styles\branding-en-US.css
C:\Program Files (x86)\EWSoftware\Sandcastle Help File Builder\Components\VS2013\styles\branding-es-ES.css -&gt; C:\Users\acer\source\repos\MovieLibraryApp\Help\Working\Output\HtmlHelp1\styles\branding-es-ES.css
C:\Program Files (x86)\EWSoftware\Sandcastle Help File Builder\Components\VS2013\styles\branding-fr-FR.css -&gt; C:\Users\acer\source\repos\MovieLibraryApp\Help\Working\Output\HtmlHelp1\styles\branding-fr-FR.css
C:\Program Files (x86)\EWSoftware\Sandcastle Help File Builder\Components\VS2013\styles\branding-Help1.css -&gt; C:\Users\acer\source\repos\MovieLibraryApp\Help\Working\Output\HtmlHelp1\styles\branding-Help1.css
C:\Program Files (x86)\EWSoftware\Sandcastle Help File Builder\Components\VS2013\styles\branding-HelpViewer.css -&gt; C:\Users\acer\source\repos\MovieLibraryApp\Help\Working\Output\HtmlHelp1\styles\branding-HelpViewer.css
C:\Program Files (x86)\EWSoftware\Sandcastle Help File Builder\Components\VS2013\styles\branding-it-IT.css -&gt; C:\Users\acer\source\repos\MovieLibraryApp\Help\Working\Output\HtmlHelp1\styles\branding-it-IT.css
C:\Program Files (x86)\EWSoftware\Sandcastle Help File Builder\Components\VS2013\styles\branding-ja-JP.css -&gt; C:\Users\acer\source\repos\MovieLibraryApp\Help\Working\Output\HtmlHelp1\styles\branding-ja-JP.css
C:\Program Files (x86)\EWSoftware\Sandcastle Help File Builder\Components\VS2013\styles\branding-ko-KR.css -&gt; C:\Users\acer\source\repos\MovieLibraryApp\Help\Working\Output\HtmlHelp1\styles\branding-ko-KR.css
C:\Program Files (x86)\EWSoftware\Sandcastle Help File Builder\Components\VS2013\styles\branding-pl-PL.css -&gt; C:\Users\acer\source\repos\MovieLibraryApp\Help\Working\Output\HtmlHelp1\styles\branding-pl-PL.css
C:\Program Files (x86)\EWSoftware\Sandcastle Help File Builder\Components\VS2013\styles\branding-pt-BR.css -&gt; C:\Users\acer\source\repos\MovieLibraryApp\Help\Working\Output\HtmlHelp1\styles\branding-pt-BR.css
C:\Program Files (x86)\EWSoftware\Sandcastle Help File Builder\Components\VS2013\styles\branding-ru-RU.css -&gt; C:\Users\acer\source\repos\MovieLibraryApp\Help\Working\Output\HtmlHelp1\styles\branding-ru-RU.css
C:\Program Files (x86)\EWSoftware\Sandcastle Help File Builder\Components\VS2013\styles\branding-tr-TR.css -&gt; C:\Users\acer\source\repos\MovieLibraryApp\Help\Working\Output\HtmlHelp1\styles\branding-tr-TR.css
C:\Program Files (x86)\EWSoftware\Sandcastle Help File Builder\Components\VS2013\styles\branding-Website.css -&gt; C:\Users\acer\source\repos\MovieLibraryApp\Help\Working\Output\HtmlHelp1\styles\branding-Website.css
C:\Program Files (x86)\EWSoftware\Sandcastle Help File Builder\Components\VS2013\styles\branding-zh-CN.css -&gt; C:\Users\acer\source\repos\MovieLibraryApp\Help\Working\Output\HtmlHelp1\styles\branding-zh-CN.css
C:\Program Files (x86)\EWSoftware\Sandcastle Help File Builder\Components\VS2013\styles\branding-zh-TW.css -&gt; C:\Users\acer\source\repos\MovieLibraryApp\Help\Working\Output\HtmlHelp1\styles\branding-zh-TW.css
C:\Program Files (x86)\EWSoftware\Sandcastle Help File Builder\Components\VS2013\styles\branding.css -&gt; C:\Users\acer\source\repos\MovieLibraryApp\Help\Working\Output\HtmlHelp1\styles\branding.css
    Last step completed in 00:00:00,5197
</buildStep>
<buildStep step="GenerateHelpProject">
Generating HTML Help 1 project file...
    Last step completed in 00:00:00,0160
</buildStep>
<buildStep step="CompilingHelpFile">
Compiling HTML Help 1 file...
[C:\Program Files\Microsoft Visual Studio\2022\Enterprise\MSBuild\Current\Bin\amd64\MSBuild.exe - Build1xHelpFile.proj]
  Microsoft HTML Help Compiler 4.74.8702
  
  
  
  Compiling c:\Users\acer\source\repos\MovieLibraryApp\Help\Working\Output\HtmlHelp1\Documentation.chm
  
  
  
  
  
  Compile time: 0 minutes, 21 seconds
  
  220	Topics
  
  2,019	Local links
  
  0	Internet links
  
  0	Graphics
  
  
  
  
  
  Created c:\Users\acer\source\repos\MovieLibraryApp\Help\Working\Output\HtmlHelp1\Documentation.chm, 1,090,021 bytes
  
  Compression decreased file by 9,683,488 bytes.
  
    Last step completed in 00:00:23,3630
</buildStep>
<buildStep step="CleanIntermediates">
Removing intermediate files...
    Last step completed in 00:00:00,2699
</buildStep>
<buildStep step="Completed">

Build completed successfully at 20.3.2022 г. 10:15:20.  Total time: 00:02:11,4931

</buildStep>
</shfbBuild>
